#
# There is insufficient memory for the Java Runtime Environment to continue.
# Native memory allocation (mmap) failed to map 1073741824 bytes for G1 virtual space
# Possible reasons:
#   The system is out of physical RAM or swap space
#   The process is running with CompressedOops enabled, and the Java Heap may be blocking the growth of the native heap
# Possible solutions:
#   Reduce memory load on the system
#   Increase physical memory or swap space
#   Check if swap backing store is full
#   Decrease Java heap size (-Xmx/-Xms)
#   Decrease number of Java threads
#   Decrease Java thread stack sizes (-Xss)
#   Set larger code cache with -XX:ReservedCodeCacheSize=
#   JVM is running with Zero Based Compressed Oops mode in which the Java heap is
#     placed in the first 32GB address space. The Java Heap base address is the
#     maximum limit for the native heap growth. Please use -XX:HeapBaseMinAddress
#     to set the Java Heap base and to place the Java Heap above 32GB virtual address.
# This output file may be truncated or incomplete.
#
#  Out of Memory Error (os_windows.cpp:3760), pid=70460, tid=53840
#
# JRE version:  (17.0.5+1) (build )
# Java VM: OpenJDK 64-Bit Server VM (17.0.5+1-b653.23, mixed mode, sharing, tiered, compressed oops, compressed class ptrs, g1 gc, windows-amd64)
# No core dump will be written. Minidumps are not enabled by default on client versions of Windows
#

---------------  S U M M A R Y ------------

Command Line: git4idea.http.GitAskPassApp Username for 'https://github.com': 

Host: AMD Ryzen 9 5900X 12-Core Processor            , 24 cores, 63G,  Windows 10 , 64 bit Build 19041 (10.0.19041.4957)
Time: Mon Oct 21 16:24:24 2024 RTZ 1 (s 10 , 64 bit Build 19041 (10.0.19041.4957) elapsed time: 0.008409 seconds (0d 0h 0m 0s)

---------------  T H R E A D  ---------------

Current thread (0x000001ba7c045560):  JavaThread "Unknown thread" [_thread_in_vm, id=53840, stack(0x000000a46e500000,0x000000a46e600000)]

Stack: [0x000000a46e500000,0x000000a46e600000]
Native frames: (J=compiled Java code, j=interpreted, Vv=VM code, C=native code)
V  [jvm.dll+0x6830ca]
V  [jvm.dll+0x83f4c4]
V  [jvm.dll+0x840c6e]
V  [jvm.dll+0x8412d3]
V  [jvm.dll+0x2490b5]
V  [jvm.dll+0x67ff99]
V  [jvm.dll+0x6744aa]
V  [jvm.dll+0x308f2b]
V  [jvm.dll+0x3103e6]
V  [jvm.dll+0x36013e]
V  [jvm.dll+0x36036f]
V  [jvm.dll+0x2df018]
V  [jvm.dll+0x2dff84]
V  [jvm.dll+0x810d91]
V  [jvm.dll+0x36df31]
V  [jvm.dll+0x7f028c]
V  [jvm.dll+0x3f0cbf]
V  [jvm.dll+0x3f2801]
C  [jli.dll+0x526b]
C  [ucrtbase.dll+0x21bb2]
C  [KERNEL32.DLL+0x17374]
C  [ntdll.dll+0x4cc91]


---------------  P R O C E S S  ---------------

Threads class SMR info:
_java_thread_list=0x00007ffd35b38f98, length=0, elements={
}

Java Threads: ( => current thread )

Other Threads:
  0x000001ba7c0f7d00 GCTaskThread "GC Thread#0" [stack: 0x000000a46e600000,0x000000a46e700000] [id=41564]
  0x000001ba7c0624f0 ConcurrentGCThread "G1 Main Marker" [stack: 0x000000a46e700000,0x000000a46e800000] [id=75436]
  0x000001ba7c108b30 ConcurrentGCThread "G1 Conc#0" [stack: 0x000000a46e800000,0x000000a46e900000] [id=74340]

[error occurred during error reporting (printing all threads), id 0xc0000005, EXCEPTION_ACCESS_VIOLATION (0xc0000005) at pc=0x00007ffd352efbd7]

VM state: not at safepoint (not fully initialized)

VM Mutex/Monitor currently owned by a thread:  ([mutex/lock_event])
[0x000001ba7c040700] Heap_lock - owner thread: 0x000001ba7c045560

Heap address: 0x0000000401000000, size: 16368 MB, Compressed Oops mode: Zero based, Oop shift amount: 3

CDS archive(s) mapped at: [0x0000000000000000-0x0000000000000000-0x0000000000000000), size 0, SharedBaseAddress: 0x0000000800000000, ArchiveRelocationMode: 0.
Narrow klass base: 0x0000000000000000, Narrow klass shift: 0, Narrow klass range: 0x0

GC Precious Log:
<Empty>

Heap:
 garbage-first heap   total 0K, used 0K [0x0000000401000000, 0x0000000800000000)
  region size 8192K, 0 young (0K), 0 survivors (0K)

[error occurred during error reporting (printing heap information), id 0xc0000005, EXCEPTION_ACCESS_VIOLATION (0xc0000005) at pc=0x00007ffd356dcd59]

GC Heap History (0 events):
No events

Dll operation events (1 events):
Event: 0.004 Loaded shared library C:\Program Files\JetBrains\WebStorm 2022.2.1\jbr\bin\java.dll

Deoptimization events (0 events):
No events

Classes unloaded (0 events):
No events

Classes redefined (0 events):
No events

Internal exceptions (0 events):
No events

VM Operations (0 events):
No events

Events (0 events):
No events


Dynamic libraries:
0x00007ff7c3ea0000 - 0x00007ff7c3eaa000 	C:\Program Files\JetBrains\WebStorm 2022.2.1\jbr\bin\java.exe
0x00007ffddbe90000 - 0x00007ffddc088000 	C:\Windows\SYSTEM32\ntdll.dll
0x00007ffddadf0000 - 0x00007ffddaeb2000 	C:\Windows\System32\KERNEL32.DLL
0x00007ffdd9650000 - 0x00007ffdd994e000 	C:\Windows\System32\KERNELBASE.dll
0x00007ffdd9a70000 - 0x00007ffdd9b70000 	C:\Windows\System32\ucrtbase.dll
0x00007ffdc6790000 - 0x00007ffdc67a7000 	C:\Program Files\JetBrains\WebStorm 2022.2.1\jbr\bin\jli.dll
0x00007ffdb7ad0000 - 0x00007ffdb7aeb000 	C:\Program Files\JetBrains\WebStorm 2022.2.1\jbr\bin\VCRUNTIME140.dll
0x00007ffddbbf0000 - 0x00007ffddbd8d000 	C:\Windows\System32\USER32.dll
0x00007ffdc1160000 - 0x00007ffdc13fa000 	C:\Windows\WinSxS\amd64_microsoft.windows.common-controls_6595b64144ccf1df_6.0.19041.4355_none_60b8b9eb71f62e16\COMCTL32.dll
0x00007ffdd9950000 - 0x00007ffdd9972000 	C:\Windows\System32\win32u.dll
0x00007ffddbb10000 - 0x00007ffddbb3b000 	C:\Windows\System32\GDI32.dll
0x00007ffddbb40000 - 0x00007ffddbbde000 	C:\Windows\System32\msvcrt.dll
0x00007ffdd9b70000 - 0x00007ffdd9c87000 	C:\Windows\System32\gdi32full.dll
0x00007ffdd9980000 - 0x00007ffdd9a1d000 	C:\Windows\System32\msvcp_win.dll
0x00007ffdda0f0000 - 0x00007ffdda11f000 	C:\Windows\System32\IMM32.DLL
0x00007ffdc90d0000 - 0x00007ffdc90dc000 	C:\Program Files\JetBrains\WebStorm 2022.2.1\jbr\bin\vcruntime140_1.dll
0x00007ffda9d30000 - 0x00007ffda9dbd000 	C:\Program Files\JetBrains\WebStorm 2022.2.1\jbr\bin\msvcp140.dll
0x00007ffd35000000 - 0x00007ffd35c6b000 	C:\Program Files\JetBrains\WebStorm 2022.2.1\jbr\bin\server\jvm.dll
0x00007ffdda200000 - 0x00007ffdda2b2000 	C:\Windows\System32\ADVAPI32.dll
0x00007ffddabc0000 - 0x00007ffddac60000 	C:\Windows\System32\sechost.dll
0x00007ffdda2c0000 - 0x00007ffdda3e3000 	C:\Windows\System32\RPCRT4.dll
0x00007ffdd9d20000 - 0x00007ffdd9d47000 	C:\Windows\System32\bcrypt.dll
0x00007ffdcb7f0000 - 0x00007ffdcb817000 	C:\Windows\SYSTEM32\WINMM.dll
0x00007ffdd2690000 - 0x00007ffdd269a000 	C:\Windows\SYSTEM32\VERSION.dll
0x00007ffdc2fe0000 - 0x00007ffdc2fe9000 	C:\Windows\SYSTEM32\WSOCK32.dll
0x00007ffdda8f0000 - 0x00007ffdda95b000 	C:\Windows\System32\WS2_32.dll
0x00007ffdd7d70000 - 0x00007ffdd7d82000 	C:\Windows\SYSTEM32\kernel.appcore.dll
0x00007ffdd5b60000 - 0x00007ffdd5b6a000 	C:\Program Files\JetBrains\WebStorm 2022.2.1\jbr\bin\jimage.dll
0x00007ffdd20d0000 - 0x00007ffdd22b4000 	C:\Windows\SYSTEM32\DBGHELP.DLL
0x00007ffdd26a0000 - 0x00007ffdd26d4000 	C:\Windows\SYSTEM32\dbgcore.DLL
0x00007ffdd9c90000 - 0x00007ffdd9d12000 	C:\Windows\System32\bcryptPrimitives.dll
0x00007ffdcf720000 - 0x00007ffdcf745000 	C:\Program Files\JetBrains\WebStorm 2022.2.1\jbr\bin\java.dll

dbghelp: loaded successfully - version: 4.0.5 - missing functions: none
symbol engine: initialized successfully - sym options: 0x614 - pdb path: .;C:\Program Files\JetBrains\WebStorm 2022.2.1\jbr\bin;C:\Windows\SYSTEM32;C:\Windows\WinSxS\amd64_microsoft.windows.common-controls_6595b64144ccf1df_6.0.19041.4355_none_60b8b9eb71f62e16;C:\Program Files\JetBrains\WebStorm 2022.2.1\jbr\bin\server

VM Arguments:
java_command: git4idea.http.GitAskPassApp Username for 'https://github.com': 
java_class_path (initial): C:/Program Files/JetBrains/WebStorm 2022.2.1/plugins/vcs-git/lib/git4idea-rt.jar;C:/Program Files/JetBrains/WebStorm 2022.2.1/lib/externalProcess-rt.jar;C:/Program Files/JetBrains/WebStorm 2022.2.1/lib/app.jar;C:/Program Files/JetBrains/WebStorm 2022.2.1/lib/3rd-party-rt.jar
Launcher Type: SUN_STANDARD

[Global flags]
     intx CICompilerCount                          = 12                                        {product} {ergonomic}
     uint ConcGCThreads                            = 5                                         {product} {ergonomic}
     uint G1ConcRefinementThreads                  = 18                                        {product} {ergonomic}
   size_t G1HeapRegionSize                         = 8388608                                   {product} {ergonomic}
    uintx GCDrainStackTargetSize                   = 64                                        {product} {ergonomic}
   size_t InitialHeapSize                          = 1073741824                                {product} {ergonomic}
   size_t MarkStackSize                            = 4194304                                   {product} {ergonomic}
   size_t MaxHeapSize                              = 17163091968                               {product} {ergonomic}
   size_t MinHeapDeltaBytes                        = 8388608                                   {product} {ergonomic}
   size_t MinHeapSize                              = 8388608                                   {product} {ergonomic}
    uintx NonNMethodCodeHeapSize                   = 7602480                                {pd product} {ergonomic}
    uintx NonProfiledCodeHeapSize                  = 122027880                              {pd product} {ergonomic}
    uintx ProfiledCodeHeapSize                     = 122027880                              {pd product} {ergonomic}
    uintx ReservedCodeCacheSize                    = 251658240                              {pd product} {ergonomic}
     bool SegmentedCodeCache                       = true                                      {product} {ergonomic}
   size_t SoftMaxHeapSize                          = 17163091968                            {manageable} {ergonomic}
     bool UseCompressedClassPointers               = true                           {product lp64_product} {ergonomic}
     bool UseCompressedOops                        = true                           {product lp64_product} {ergonomic}
     bool UseG1GC                                  = true                                      {product} {ergonomic}
     bool UseLargePagesIndividualAllocation        = false                                  {pd product} {ergonomic}

Logging:
Log output configuration:
 #0: stdout all=warning uptime,level,tags
 #1: stderr all=off uptime,level,tags

Environment Variables:
PATH=C:\Program Files\Git\mingw64\libexec\git-core;C:\Program Files\Git\mingw64\libexec\git-core;C:\Program Files\Git\mingw64\bin;C:\Program Files\Git\usr\bin;C:\Users\user\bin;C:\Program Files (x86)\Common Files\Intel\Shared Libraries\redist\intel64_win\compiler;C:\Windows\system32;C:\Windows;C:\Windows\System32\Wbem;C:\Windows\System32\WindowsPowerShell\v1.0;C:\Windows\System32\OpenSSH;C:\Program Files (x86)\NVIDIA Corporation\PhysX\Common;C:\Program Files\NVIDIA Corporation\NVIDIA NvDLISR;C:\Program Files (x86)\Autodesk\Backburner;C:\Program Files\Microsoft SQL Server\120\Tools\Binn;C:\Program Files\Common Files\Autodesk Shared;C:\Program Files\nodejs;C:\Program Files\Git\cmd;C:\Program Files (x86)\Yarn\bin;C:\Program Files\PuTTY;C:\Users\user\AppData\Local\Microsoft\WindowsApps;C:\Users\user\AppData\Local\Programs\Microsoft VS Code\bin;C:\Users\user\AppData\Roaming\npm;C:\Users\user\AppData\Local\Yarn\bin
USERNAME=user
DISPLAY=:0.0
LC_ALL=en_US.UTF-8
TERM=xterm-256color
TMPDIR=C:\Users\user\AppData\Local\Temp
OS=Windows_NT
PROCESSOR_IDENTIFIER=AMD64 Family 25 Model 33 Stepping 0, AuthenticAMD
TMP=C:\Users\user\AppData\Local\Temp
TEMP=C:\Users\user\AppData\Local\Temp



---------------  S Y S T E M  ---------------

OS:
 Windows 10 , 64 bit Build 19041 (10.0.19041.4957)
OS uptime: 10 days 7:03 hours

CPU: total 24 (initial active 24) (24 cores per cpu, 2 threads per core) family 25 model 33 stepping 0 microcode 0x0, cx8, cmov, fxsr, ht, mmx, 3dnowpref, sse, sse2, sse3, ssse3, sse4a, sse4.1, sse4.2, popcnt, lzcnt, tsc, tscinvbit, avx, avx2, aes, erms, clmul, bmi1, bmi2, adx, sha, fma, vzeroupper, clflush, clflushopt

Memory: 4k page, system-wide physical 65461M (34742M free)
TotalPageFile size 126495M (AvailPageFile size 1007M)
current process WorkingSet (physical memory assigned to process): 11M, peak: 11M
current process commit charge ("private bytes"): 81M, peak: 1105M

vm_info: OpenJDK 64-Bit Server VM (17.0.5+1-b653.23) for windows-amd64 JRE (17.0.5+1-b653.23), built on 2022-12-12 by "builduser" with MS VC++ 16.10 / 16.11 (VS2019)

END.
